[2023-12-18 05:26:44] production.ERROR: SQLSTATE[42S22]: Column not found: 1054 Unknown column 'locale' in 'order clause' (SQL: select * from `core_languages` where `status` = publish and `core_languages`.`deleted_at` is null order by CASE WHEN (locale = '') THEN 0 ELSE 1 END) {"exception":"[object] (Illuminate\\Database\\QueryException(code: 42S22): SQLSTATE[42S22]: Column not found: 1054 Unknown column 'locale' in 'order clause' (SQL: select * from `core_languages` where `status` = publish and `core_languages`.`deleted_at` is null order by CASE WHEN (locale = '') THEN 0 ELSE 1 END) at D:\\booking-core.3.3.0\\BookingCore.3.3.0\\vendor\\laravel\\framework\\src\\Illuminate\\Database\\Connection.php:760)
[stacktrace]
#0 D:\\booking-core.3.3.0\\BookingCore.3.3.0\\vendor\\laravel\\framework\\src\\Illuminate\\Database\\Connection.php(720): Illuminate\\Database\\Connection->runQueryCallback('select * from `...', Array, Object(Closure))
#1 D:\\booking-core.3.3.0\\BookingCore.3.3.0\\vendor\\laravel\\framework\\src\\Illuminate\\Database\\Connection.php(422): Illuminate\\Database\\Connection->run('select * from `...', Array, Object(Closure))
#2 D:\\booking-core.3.3.0\\BookingCore.3.3.0\\vendor\\laravel\\framework\\src\\Illuminate\\Database\\Query\\Builder.php(2654): Illuminate\\Database\\Connection->select('select * from `...', Array, true)
#3 D:\\booking-core.3.3.0\\BookingCore.3.3.0\\vendor\\laravel\\framework\\src\\Illuminate\\Database\\Query\\Builder.php(2642): Illuminate\\Database\\Query\\Builder->runSelect()
#4 D:\\booking-core.3.3.0\\BookingCore.3.3.0\\vendor\\laravel\\framework\\src\\Illuminate\\Database\\Query\\Builder.php(3178): Illuminate\\Database\\Query\\Builder->Illuminate\\Database\\Query\\{closure}()
#5 D:\\booking-core.3.3.0\\BookingCore.3.3.0\\vendor\\laravel\\framework\\src\\Illuminate\\Database\\Query\\Builder.php(2643): Illuminate\\Database\\Query\\Builder->onceWithColumns(Array, Object(Closure))
#6 D:\\booking-core.3.3.0\\BookingCore.3.3.0\\vendor\\laravel\\framework\\src\\Illuminate\\Database\\Eloquent\\Builder.php(702): Illuminate\\Database\\Query\\Builder->get(Array)
#7 D:\\booking-core.3.3.0\\BookingCore.3.3.0\\vendor\\laravel\\framework\\src\\Illuminate\\Database\\Eloquent\\Builder.php(686): Illuminate\\Database\\Eloquent\\Builder->getModels(Array)
#8 D:\\booking-core.3.3.0\\BookingCore.3.3.0\\modules\\Language\\Models\\Language.php(33): Illuminate\\Database\\Eloquent\\Builder->get()
#9 D:\\booking-core.3.3.0\\BookingCore.3.3.0\\vendor\\laravel\\framework\\src\\Illuminate\\Cache\\Repository.php(426): Modules\\Language\\Models\\Language::Modules\\Language\\Models\\{closure}()
#10 D:\\booking-core.3.3.0\\BookingCore.3.3.0\\vendor\\laravel\\framework\\src\\Illuminate\\Cache\\CacheManager.php(419): Illuminate\\Cache\\Repository->rememberForever('locale_active_1', Object(Closure))
#11 D:\\booking-core.3.3.0\\BookingCore.3.3.0\\vendor\\laravel\\framework\\src\\Illuminate\\Support\\Facades\\Facade.php(338): Illuminate\\Cache\\CacheManager->__call('rememberForever', Array)
#12 D:\\booking-core.3.3.0\\BookingCore.3.3.0\\modules\\Language\\Models\\Language.php(34): Illuminate\\Support\\Facades\\Facade::__callStatic('rememberForever', Array)
#13 D:\\booking-core.3.3.0\\BookingCore.3.3.0\\app\\Providers\\AppServiceProvider.php(197): Modules\\Language\\Models\\Language::getActive()
#14 D:\\booking-core.3.3.0\\BookingCore.3.3.0\\app\\Providers\\AppServiceProvider.php(42): App\\Providers\\AppServiceProvider->setLang()
#15 D:\\booking-core.3.3.0\\BookingCore.3.3.0\\vendor\\laravel\\framework\\src\\Illuminate\\Container\\BoundMethod.php(36): App\\Providers\\AppServiceProvider->boot(Object(Illuminate\\Http\\Request))
#16 D:\\booking-core.3.3.0\\BookingCore.3.3.0\\vendor\\laravel\\framework\\src\\Illuminate\\Container\\Util.php(41): Illuminate\\Container\\BoundMethod::Illuminate\\Container\\{closure}()
#17 D:\\booking-core.3.3.0\\BookingCore.3.3.0\\vendor\\laravel\\framework\\src\\Illuminate\\Container\\BoundMethod.php(93): Illuminate\\Container\\Util::unwrapIfClosure(Object(Closure))
#18 D:\\booking-core.3.3.0\\BookingCore.3.3.0\\vendor\\laravel\\framework\\src\\Illuminate\\Container\\BoundMethod.php(37): Illuminate\\Container\\BoundMethod::callBoundMethod(Object(Illuminate\\Foundation\\Application), Array, Object(Closure))
#19 D:\\booking-core.3.3.0\\BookingCore.3.3.0\\vendor\\laravel\\framework\\src\\Illuminate\\Container\\Container.php(651): Illuminate\\Container\\BoundMethod::call(Object(Illuminate\\Foundation\\Application), Array, Array, NULL)
#20 D:\\booking-core.3.3.0\\BookingCore.3.3.0\\vendor\\laravel\\framework\\src\\Illuminate\\Foundation\\Application.php(933): Illuminate\\Container\\Container->call(Array)
#21 D:\\booking-core.3.3.0\\BookingCore.3.3.0\\vendor\\laravel\\framework\\src\\Illuminate\\Foundation\\Application.php(914): Illuminate\\Foundation\\Application->bootProvider(Object(App\\Providers\\AppServiceProvider))
#22 [internal function]: Illuminate\\Foundation\\Application->Illuminate\\Foundation\\{closure}(Object(App\\Providers\\AppServiceProvider), 34)
#23 D:\\booking-core.3.3.0\\BookingCore.3.3.0\\vendor\\laravel\\framework\\src\\Illuminate\\Foundation\\Application.php(915): array_walk(Array, Object(Closure))
#24 D:\\booking-core.3.3.0\\BookingCore.3.3.0\\vendor\\laravel\\framework\\src\\Illuminate\\Foundation\\Bootstrap\\BootProviders.php(17): Illuminate\\Foundation\\Application->boot()
#25 D:\\booking-core.3.3.0\\BookingCore.3.3.0\\vendor\\laravel\\framework\\src\\Illuminate\\Foundation\\Application.php(242): Illuminate\\Foundation\\Bootstrap\\BootProviders->bootstrap(Object(Illuminate\\Foundation\\Application))
#26 D:\\booking-core.3.3.0\\BookingCore.3.3.0\\vendor\\laravel\\framework\\src\\Illuminate\\Foundation\\Console\\Kernel.php(383): Illuminate\\Foundation\\Application->bootstrapWith(Array)
#27 D:\\booking-core.3.3.0\\BookingCore.3.3.0\\vendor\\laravel\\framework\\src\\Illuminate\\Foundation\\Console\\Kernel.php(153): Illuminate\\Foundation\\Console\\Kernel->bootstrap()
#28 D:\\booking-core.3.3.0\\BookingCore.3.3.0\\artisan(40): Illuminate\\Foundation\\Console\\Kernel->handle(Object(Symfony\\Component\\Console\\Input\\ArgvInput), Object(Symfony\\Component\\Console\\Output\\ConsoleOutput))
#29 {main}

[previous exception] [object] (PDOException(code: 42S22): SQLSTATE[42S22]: Column not found: 1054 Unknown column 'locale' in 'order clause' at D:\\booking-core.3.3.0\\BookingCore.3.3.0\\vendor\\laravel\\framework\\src\\Illuminate\\Database\\Connection.php:414)
[stacktrace]
#0 D:\\booking-core.3.3.0\\BookingCore.3.3.0\\vendor\\laravel\\framework\\src\\Illuminate\\Database\\Connection.php(414): PDO->prepare('select * from `...')
#1 D:\\booking-core.3.3.0\\BookingCore.3.3.0\\vendor\\laravel\\framework\\src\\Illuminate\\Database\\Connection.php(753): Illuminate\\Database\\Connection->Illuminate\\Database\\{closure}('select * from `...', Array)
#2 D:\\booking-core.3.3.0\\BookingCore.3.3.0\\vendor\\laravel\\framework\\src\\Illuminate\\Database\\Connection.php(720): Illuminate\\Database\\Connection->runQueryCallback('select * from `...', Array, Object(Closure))
#3 D:\\booking-core.3.3.0\\BookingCore.3.3.0\\vendor\\laravel\\framework\\src\\Illuminate\\Database\\Connection.php(422): Illuminate\\Database\\Connection->run('select * from `...', Array, Object(Closure))
#4 D:\\booking-core.3.3.0\\BookingCore.3.3.0\\vendor\\laravel\\framework\\src\\Illuminate\\Database\\Query\\Builder.php(2654): Illuminate\\Database\\Connection->select('select * from `...', Array, true)
#5 D:\\booking-core.3.3.0\\BookingCore.3.3.0\\vendor\\laravel\\framework\\src\\Illuminate\\Database\\Query\\Builder.php(2642): Illuminate\\Database\\Query\\Builder->runSelect()
#6 D:\\booking-core.3.3.0\\BookingCore.3.3.0\\vendor\\laravel\\framework\\src\\Illuminate\\Database\\Query\\Builder.php(3178): Illuminate\\Database\\Query\\Builder->Illuminate\\Database\\Query\\{closure}()
#7 D:\\booking-core.3.3.0\\BookingCore.3.3.0\\vendor\\laravel\\framework\\src\\Illuminate\\Database\\Query\\Builder.php(2643): Illuminate\\Database\\Query\\Builder->onceWithColumns(Array, Object(Closure))
#8 D:\\booking-core.3.3.0\\BookingCore.3.3.0\\vendor\\laravel\\framework\\src\\Illuminate\\Database\\Eloquent\\Builder.php(702): Illuminate\\Database\\Query\\Builder->get(Array)
#9 D:\\booking-core.3.3.0\\BookingCore.3.3.0\\vendor\\laravel\\framework\\src\\Illuminate\\Database\\Eloquent\\Builder.php(686): Illuminate\\Database\\Eloquent\\Builder->getModels(Array)
#10 D:\\booking-core.3.3.0\\BookingCore.3.3.0\\modules\\Language\\Models\\Language.php(33): Illuminate\\Database\\Eloquent\\Builder->get()
#11 D:\\booking-core.3.3.0\\BookingCore.3.3.0\\vendor\\laravel\\framework\\src\\Illuminate\\Cache\\Repository.php(426): Modules\\Language\\Models\\Language::Modules\\Language\\Models\\{closure}()
#12 D:\\booking-core.3.3.0\\BookingCore.3.3.0\\vendor\\laravel\\framework\\src\\Illuminate\\Cache\\CacheManager.php(419): Illuminate\\Cache\\Repository->rememberForever('locale_active_1', Object(Closure))
#13 D:\\booking-core.3.3.0\\BookingCore.3.3.0\\vendor\\laravel\\framework\\src\\Illuminate\\Support\\Facades\\Facade.php(338): Illuminate\\Cache\\CacheManager->__call('rememberForever', Array)
#14 D:\\booking-core.3.3.0\\BookingCore.3.3.0\\modules\\Language\\Models\\Language.php(34): Illuminate\\Support\\Facades\\Facade::__callStatic('rememberForever', Array)
#15 D:\\booking-core.3.3.0\\BookingCore.3.3.0\\app\\Providers\\AppServiceProvider.php(197): Modules\\Language\\Models\\Language::getActive()
#16 D:\\booking-core.3.3.0\\BookingCore.3.3.0\\app\\Providers\\AppServiceProvider.php(42): App\\Providers\\AppServiceProvider->setLang()
#17 D:\\booking-core.3.3.0\\BookingCore.3.3.0\\vendor\\laravel\\framework\\src\\Illuminate\\Container\\BoundMethod.php(36): App\\Providers\\AppServiceProvider->boot(Object(Illuminate\\Http\\Request))
#18 D:\\booking-core.3.3.0\\BookingCore.3.3.0\\vendor\\laravel\\framework\\src\\Illuminate\\Container\\Util.php(41): Illuminate\\Container\\BoundMethod::Illuminate\\Container\\{closure}()
#19 D:\\booking-core.3.3.0\\BookingCore.3.3.0\\vendor\\laravel\\framework\\src\\Illuminate\\Container\\BoundMethod.php(93): Illuminate\\Container\\Util::unwrapIfClosure(Object(Closure))
#20 D:\\booking-core.3.3.0\\BookingCore.3.3.0\\vendor\\laravel\\framework\\src\\Illuminate\\Container\\BoundMethod.php(37): Illuminate\\Container\\BoundMethod::callBoundMethod(Object(Illuminate\\Foundation\\Application), Array, Object(Closure))
#21 D:\\booking-core.3.3.0\\BookingCore.3.3.0\\vendor\\laravel\\framework\\src\\Illuminate\\Container\\Container.php(651): Illuminate\\Container\\BoundMethod::call(Object(Illuminate\\Foundation\\Application), Array, Array, NULL)
#22 D:\\booking-core.3.3.0\\BookingCore.3.3.0\\vendor\\laravel\\framework\\src\\Illuminate\\Foundation\\Application.php(933): Illuminate\\Container\\Container->call(Array)
#23 D:\\booking-core.3.3.0\\BookingCore.3.3.0\\vendor\\laravel\\framework\\src\\Illuminate\\Foundation\\Application.php(914): Illuminate\\Foundation\\Application->bootProvider(Object(App\\Providers\\AppServiceProvider))
#24 [internal function]: Illuminate\\Foundation\\Application->Illuminate\\Foundation\\{closure}(Object(App\\Providers\\AppServiceProvider), 34)
#25 D:\\booking-core.3.3.0\\BookingCore.3.3.0\\vendor\\laravel\\framework\\src\\Illuminate\\Foundation\\Application.php(915): array_walk(Array, Object(Closure))
#26 D:\\booking-core.3.3.0\\BookingCore.3.3.0\\vendor\\laravel\\framework\\src\\Illuminate\\Foundation\\Bootstrap\\BootProviders.php(17): Illuminate\\Foundation\\Application->boot()
#27 D:\\booking-core.3.3.0\\BookingCore.3.3.0\\vendor\\laravel\\framework\\src\\Illuminate\\Foundation\\Application.php(242): Illuminate\\Foundation\\Bootstrap\\BootProviders->bootstrap(Object(Illuminate\\Foundation\\Application))
#28 D:\\booking-core.3.3.0\\BookingCore.3.3.0\\vendor\\laravel\\framework\\src\\Illuminate\\Foundation\\Console\\Kernel.php(383): Illuminate\\Foundation\\Application->bootstrapWith(Array)
#29 D:\\booking-core.3.3.0\\BookingCore.3.3.0\\vendor\\laravel\\framework\\src\\Illuminate\\Foundation\\Console\\Kernel.php(153): Illuminate\\Foundation\\Console\\Kernel->bootstrap()
#30 D:\\booking-core.3.3.0\\BookingCore.3.3.0\\artisan(40): Illuminate\\Foundation\\Console\\Kernel->handle(Object(Symfony\\Component\\Console\\Input\\ArgvInput), Object(Symfony\\Component\\Console\\Output\\ConsoleOutput))
#31 {main}
"} 
[2023-12-18 05:27:17] production.ERROR: SQLSTATE[42S22]: Column not found: 1054 Unknown column 'locale' in 'order clause' (SQL: select * from `core_languages` where `status` = publish and `core_languages`.`deleted_at` is null order by CASE WHEN (locale = '') THEN 0 ELSE 1 END) {"exception":"[object] (Illuminate\\Database\\QueryException(code: 42S22): SQLSTATE[42S22]: Column not found: 1054 Unknown column 'locale' in 'order clause' (SQL: select * from `core_languages` where `status` = publish and `core_languages`.`deleted_at` is null order by CASE WHEN (locale = '') THEN 0 ELSE 1 END) at D:\\booking-core.3.3.0\\BookingCore.3.3.0\\vendor\\laravel\\framework\\src\\Illuminate\\Database\\Connection.php:760)
[stacktrace]
#0 D:\\booking-core.3.3.0\\BookingCore.3.3.0\\vendor\\laravel\\framework\\src\\Illuminate\\Database\\Connection.php(720): Illuminate\\Database\\Connection->runQueryCallback('select * from `...', Array, Object(Closure))
#1 D:\\booking-core.3.3.0\\BookingCore.3.3.0\\vendor\\laravel\\framework\\src\\Illuminate\\Database\\Connection.php(422): Illuminate\\Database\\Connection->run('select * from `...', Array, Object(Closure))
#2 D:\\booking-core.3.3.0\\BookingCore.3.3.0\\vendor\\laravel\\framework\\src\\Illuminate\\Database\\Query\\Builder.php(2654): Illuminate\\Database\\Connection->select('select * from `...', Array, true)
#3 D:\\booking-core.3.3.0\\BookingCore.3.3.0\\vendor\\laravel\\framework\\src\\Illuminate\\Database\\Query\\Builder.php(2642): Illuminate\\Database\\Query\\Builder->runSelect()
#4 D:\\booking-core.3.3.0\\BookingCore.3.3.0\\vendor\\laravel\\framework\\src\\Illuminate\\Database\\Query\\Builder.php(3178): Illuminate\\Database\\Query\\Builder->Illuminate\\Database\\Query\\{closure}()
#5 D:\\booking-core.3.3.0\\BookingCore.3.3.0\\vendor\\laravel\\framework\\src\\Illuminate\\Database\\Query\\Builder.php(2643): Illuminate\\Database\\Query\\Builder->onceWithColumns(Array, Object(Closure))
#6 D:\\booking-core.3.3.0\\BookingCore.3.3.0\\vendor\\laravel\\framework\\src\\Illuminate\\Database\\Eloquent\\Builder.php(702): Illuminate\\Database\\Query\\Builder->get(Array)
#7 D:\\booking-core.3.3.0\\BookingCore.3.3.0\\vendor\\laravel\\framework\\src\\Illuminate\\Database\\Eloquent\\Builder.php(686): Illuminate\\Database\\Eloquent\\Builder->getModels(Array)
#8 D:\\booking-core.3.3.0\\BookingCore.3.3.0\\modules\\Language\\Models\\Language.php(33): Illuminate\\Database\\Eloquent\\Builder->get()
#9 D:\\booking-core.3.3.0\\BookingCore.3.3.0\\vendor\\laravel\\framework\\src\\Illuminate\\Cache\\Repository.php(426): Modules\\Language\\Models\\Language::Modules\\Language\\Models\\{closure}()
#10 D:\\booking-core.3.3.0\\BookingCore.3.3.0\\vendor\\laravel\\framework\\src\\Illuminate\\Cache\\CacheManager.php(419): Illuminate\\Cache\\Repository->rememberForever('locale_active_1', Object(Closure))
#11 D:\\booking-core.3.3.0\\BookingCore.3.3.0\\vendor\\laravel\\framework\\src\\Illuminate\\Support\\Facades\\Facade.php(338): Illuminate\\Cache\\CacheManager->__call('rememberForever', Array)
#12 D:\\booking-core.3.3.0\\BookingCore.3.3.0\\modules\\Language\\Models\\Language.php(34): Illuminate\\Support\\Facades\\Facade::__callStatic('rememberForever', Array)
#13 D:\\booking-core.3.3.0\\BookingCore.3.3.0\\app\\Providers\\AppServiceProvider.php(197): Modules\\Language\\Models\\Language::getActive()
#14 D:\\booking-core.3.3.0\\BookingCore.3.3.0\\app\\Providers\\AppServiceProvider.php(42): App\\Providers\\AppServiceProvider->setLang()
#15 D:\\booking-core.3.3.0\\BookingCore.3.3.0\\vendor\\laravel\\framework\\src\\Illuminate\\Container\\BoundMethod.php(36): App\\Providers\\AppServiceProvider->boot(Object(Illuminate\\Http\\Request))
#16 D:\\booking-core.3.3.0\\BookingCore.3.3.0\\vendor\\laravel\\framework\\src\\Illuminate\\Container\\Util.php(41): Illuminate\\Container\\BoundMethod::Illuminate\\Container\\{closure}()
#17 D:\\booking-core.3.3.0\\BookingCore.3.3.0\\vendor\\laravel\\framework\\src\\Illuminate\\Container\\BoundMethod.php(93): Illuminate\\Container\\Util::unwrapIfClosure(Object(Closure))
#18 D:\\booking-core.3.3.0\\BookingCore.3.3.0\\vendor\\laravel\\framework\\src\\Illuminate\\Container\\BoundMethod.php(37): Illuminate\\Container\\BoundMethod::callBoundMethod(Object(Illuminate\\Foundation\\Application), Array, Object(Closure))
#19 D:\\booking-core.3.3.0\\BookingCore.3.3.0\\vendor\\laravel\\framework\\src\\Illuminate\\Container\\Container.php(651): Illuminate\\Container\\BoundMethod::call(Object(Illuminate\\Foundation\\Application), Array, Array, NULL)
#20 D:\\booking-core.3.3.0\\BookingCore.3.3.0\\vendor\\laravel\\framework\\src\\Illuminate\\Foundation\\Application.php(933): Illuminate\\Container\\Container->call(Array)
#21 D:\\booking-core.3.3.0\\BookingCore.3.3.0\\vendor\\laravel\\framework\\src\\Illuminate\\Foundation\\Application.php(914): Illuminate\\Foundation\\Application->bootProvider(Object(App\\Providers\\AppServiceProvider))
#22 [internal function]: Illuminate\\Foundation\\Application->Illuminate\\Foundation\\{closure}(Object(App\\Providers\\AppServiceProvider), 34)
#23 D:\\booking-core.3.3.0\\BookingCore.3.3.0\\vendor\\laravel\\framework\\src\\Illuminate\\Foundation\\Application.php(915): array_walk(Array, Object(Closure))
#24 D:\\booking-core.3.3.0\\BookingCore.3.3.0\\vendor\\laravel\\framework\\src\\Illuminate\\Foundation\\Bootstrap\\BootProviders.php(17): Illuminate\\Foundation\\Application->boot()
#25 D:\\booking-core.3.3.0\\BookingCore.3.3.0\\vendor\\laravel\\framework\\src\\Illuminate\\Foundation\\Application.php(242): Illuminate\\Foundation\\Bootstrap\\BootProviders->bootstrap(Object(Illuminate\\Foundation\\Application))
#26 D:\\booking-core.3.3.0\\BookingCore.3.3.0\\vendor\\laravel\\framework\\src\\Illuminate\\Foundation\\Console\\Kernel.php(383): Illuminate\\Foundation\\Application->bootstrapWith(Array)
#27 D:\\booking-core.3.3.0\\BookingCore.3.3.0\\vendor\\laravel\\framework\\src\\Illuminate\\Foundation\\Console\\Kernel.php(153): Illuminate\\Foundation\\Console\\Kernel->bootstrap()
#28 D:\\booking-core.3.3.0\\BookingCore.3.3.0\\artisan(40): Illuminate\\Foundation\\Console\\Kernel->handle(Object(Symfony\\Component\\Console\\Input\\ArgvInput), Object(Symfony\\Component\\Console\\Output\\ConsoleOutput))
#29 {main}

[previous exception] [object] (PDOException(code: 42S22): SQLSTATE[42S22]: Column not found: 1054 Unknown column 'locale' in 'order clause' at D:\\booking-core.3.3.0\\BookingCore.3.3.0\\vendor\\laravel\\framework\\src\\Illuminate\\Database\\Connection.php:414)
[stacktrace]
#0 D:\\booking-core.3.3.0\\BookingCore.3.3.0\\vendor\\laravel\\framework\\src\\Illuminate\\Database\\Connection.php(414): PDO->prepare('select * from `...')
#1 D:\\booking-core.3.3.0\\BookingCore.3.3.0\\vendor\\laravel\\framework\\src\\Illuminate\\Database\\Connection.php(753): Illuminate\\Database\\Connection->Illuminate\\Database\\{closure}('select * from `...', Array)
#2 D:\\booking-core.3.3.0\\BookingCore.3.3.0\\vendor\\laravel\\framework\\src\\Illuminate\\Database\\Connection.php(720): Illuminate\\Database\\Connection->runQueryCallback('select * from `...', Array, Object(Closure))
#3 D:\\booking-core.3.3.0\\BookingCore.3.3.0\\vendor\\laravel\\framework\\src\\Illuminate\\Database\\Connection.php(422): Illuminate\\Database\\Connection->run('select * from `...', Array, Object(Closure))
#4 D:\\booking-core.3.3.0\\BookingCore.3.3.0\\vendor\\laravel\\framework\\src\\Illuminate\\Database\\Query\\Builder.php(2654): Illuminate\\Database\\Connection->select('select * from `...', Array, true)
#5 D:\\booking-core.3.3.0\\BookingCore.3.3.0\\vendor\\laravel\\framework\\src\\Illuminate\\Database\\Query\\Builder.php(2642): Illuminate\\Database\\Query\\Builder->runSelect()
#6 D:\\booking-core.3.3.0\\BookingCore.3.3.0\\vendor\\laravel\\framework\\src\\Illuminate\\Database\\Query\\Builder.php(3178): Illuminate\\Database\\Query\\Builder->Illuminate\\Database\\Query\\{closure}()
#7 D:\\booking-core.3.3.0\\BookingCore.3.3.0\\vendor\\laravel\\framework\\src\\Illuminate\\Database\\Query\\Builder.php(2643): Illuminate\\Database\\Query\\Builder->onceWithColumns(Array, Object(Closure))
#8 D:\\booking-core.3.3.0\\BookingCore.3.3.0\\vendor\\laravel\\framework\\src\\Illuminate\\Database\\Eloquent\\Builder.php(702): Illuminate\\Database\\Query\\Builder->get(Array)
#9 D:\\booking-core.3.3.0\\BookingCore.3.3.0\\vendor\\laravel\\framework\\src\\Illuminate\\Database\\Eloquent\\Builder.php(686): Illuminate\\Database\\Eloquent\\Builder->getModels(Array)
#10 D:\\booking-core.3.3.0\\BookingCore.3.3.0\\modules\\Language\\Models\\Language.php(33): Illuminate\\Database\\Eloquent\\Builder->get()
#11 D:\\booking-core.3.3.0\\BookingCore.3.3.0\\vendor\\laravel\\framework\\src\\Illuminate\\Cache\\Repository.php(426): Modules\\Language\\Models\\Language::Modules\\Language\\Models\\{closure}()
#12 D:\\booking-core.3.3.0\\BookingCore.3.3.0\\vendor\\laravel\\framework\\src\\Illuminate\\Cache\\CacheManager.php(419): Illuminate\\Cache\\Repository->rememberForever('locale_active_1', Object(Closure))
#13 D:\\booking-core.3.3.0\\BookingCore.3.3.0\\vendor\\laravel\\framework\\src\\Illuminate\\Support\\Facades\\Facade.php(338): Illuminate\\Cache\\CacheManager->__call('rememberForever', Array)
#14 D:\\booking-core.3.3.0\\BookingCore.3.3.0\\modules\\Language\\Models\\Language.php(34): Illuminate\\Support\\Facades\\Facade::__callStatic('rememberForever', Array)
#15 D:\\booking-core.3.3.0\\BookingCore.3.3.0\\app\\Providers\\AppServiceProvider.php(197): Modules\\Language\\Models\\Language::getActive()
#16 D:\\booking-core.3.3.0\\BookingCore.3.3.0\\app\\Providers\\AppServiceProvider.php(42): App\\Providers\\AppServiceProvider->setLang()
#17 D:\\booking-core.3.3.0\\BookingCore.3.3.0\\vendor\\laravel\\framework\\src\\Illuminate\\Container\\BoundMethod.php(36): App\\Providers\\AppServiceProvider->boot(Object(Illuminate\\Http\\Request))
#18 D:\\booking-core.3.3.0\\BookingCore.3.3.0\\vendor\\laravel\\framework\\src\\Illuminate\\Container\\Util.php(41): Illuminate\\Container\\BoundMethod::Illuminate\\Container\\{closure}()
#19 D:\\booking-core.3.3.0\\BookingCore.3.3.0\\vendor\\laravel\\framework\\src\\Illuminate\\Container\\BoundMethod.php(93): Illuminate\\Container\\Util::unwrapIfClosure(Object(Closure))
#20 D:\\booking-core.3.3.0\\BookingCore.3.3.0\\vendor\\laravel\\framework\\src\\Illuminate\\Container\\BoundMethod.php(37): Illuminate\\Container\\BoundMethod::callBoundMethod(Object(Illuminate\\Foundation\\Application), Array, Object(Closure))
#21 D:\\booking-core.3.3.0\\BookingCore.3.3.0\\vendor\\laravel\\framework\\src\\Illuminate\\Container\\Container.php(651): Illuminate\\Container\\BoundMethod::call(Object(Illuminate\\Foundation\\Application), Array, Array, NULL)
#22 D:\\booking-core.3.3.0\\BookingCore.3.3.0\\vendor\\laravel\\framework\\src\\Illuminate\\Foundation\\Application.php(933): Illuminate\\Container\\Container->call(Array)
#23 D:\\booking-core.3.3.0\\BookingCore.3.3.0\\vendor\\laravel\\framework\\src\\Illuminate\\Foundation\\Application.php(914): Illuminate\\Foundation\\Application->bootProvider(Object(App\\Providers\\AppServiceProvider))
#24 [internal function]: Illuminate\\Foundation\\Application->Illuminate\\Foundation\\{closure}(Object(App\\Providers\\AppServiceProvider), 34)
#25 D:\\booking-core.3.3.0\\BookingCore.3.3.0\\vendor\\laravel\\framework\\src\\Illuminate\\Foundation\\Application.php(915): array_walk(Array, Object(Closure))
#26 D:\\booking-core.3.3.0\\BookingCore.3.3.0\\vendor\\laravel\\framework\\src\\Illuminate\\Foundation\\Bootstrap\\BootProviders.php(17): Illuminate\\Foundation\\Application->boot()
#27 D:\\booking-core.3.3.0\\BookingCore.3.3.0\\vendor\\laravel\\framework\\src\\Illuminate\\Foundation\\Application.php(242): Illuminate\\Foundation\\Bootstrap\\BootProviders->bootstrap(Object(Illuminate\\Foundation\\Application))
#28 D:\\booking-core.3.3.0\\BookingCore.3.3.0\\vendor\\laravel\\framework\\src\\Illuminate\\Foundation\\Console\\Kernel.php(383): Illuminate\\Foundation\\Application->bootstrapWith(Array)
#29 D:\\booking-core.3.3.0\\BookingCore.3.3.0\\vendor\\laravel\\framework\\src\\Illuminate\\Foundation\\Console\\Kernel.php(153): Illuminate\\Foundation\\Console\\Kernel->bootstrap()
#30 D:\\booking-core.3.3.0\\BookingCore.3.3.0\\artisan(40): Illuminate\\Foundation\\Console\\Kernel->handle(Object(Symfony\\Component\\Console\\Input\\ArgvInput), Object(Symfony\\Component\\Console\\Output\\ConsoleOutput))
#31 {main}
"} 
